2022-12-11 23:57:48,639 - repo_seach.py - 

2022-12-11 23:57:48,640 - repo_seach.py - *****************************************************************************
2022-12-11 23:57:48,640 - repo_seach.py - Starting the test case SimplisticTest.test
2022-12-11 23:57:48,640 - repo_seach.py - *****************************************************************************
2022-12-11 23:57:48,641 - ui_helper.py - hello checking the logger here 
2022-12-11 23:57:48,641 - browser_helper.py - Launching the Chrome browser
2022-12-11 23:57:57,375 - browser_helper.py - Requesting for url : http://localhost:3000/
2022-12-11 23:57:58,922 - browser_helper.py - Wait for the load to be completed
2022-12-11 23:57:58,977 - browser_helper.py - Wait for page to load 5 second waiting 
2022-12-11 23:58:09,809 - browser_helper.py - Wait for the load to be completed
2022-12-11 23:58:14,833 - api_operation.py - Requested url : https://api.github.com/search/repositories?q=flyoverthings&per_page=10&page=0&sort=stars&order=desc
2022-12-11 23:58:15,623 - browser_helper.py - Fetch the page details written in footer
2022-12-11 23:58:15,658 - ui_helper.py - Expected data : 1
2022-12-11 23:58:15,658 - ui_helper.py - Actual data : 1
2022-12-11 23:58:15,658 - browser_helper.py - Closing the Chrome browser
2022-12-11 23:58:15,785 - repo_seach.py - *****************************************************************************
2022-12-11 23:58:15,786 - repo_seach.py - Finished the test case SimplisticTest.test
2022-12-11 23:58:15,786 - repo_seach.py - *****************************************************************************
2022-12-11 23:58:15,786 - repo_seach.py - 

2022-12-11 23:58:15,787 - repo_seach.py - 

2022-12-11 23:58:15,787 - repo_seach.py - *****************************************************************************
2022-12-11 23:58:15,787 - repo_seach.py - Starting the test case test_initial_launch_page.test
2022-12-11 23:58:15,787 - repo_seach.py - *****************************************************************************
2022-12-11 23:58:15,788 - ui_helper.py - hello checking the logger here 
2022-12-11 23:58:15,788 - browser_helper.py - Launching the Chrome browser
2022-12-11 23:58:18,085 - browser_helper.py - Requesting for url : http://localhost:3000/
2022-12-11 23:58:19,962 - browser_helper.py - Fetch the the string in the search box
2022-12-11 23:58:20,062 - browser_helper.py - Fetch the data of the page , after the launch of the page
2022-12-11 23:58:20,101 - browser_helper.py - Fetching the drop down value
2022-12-11 23:58:20,148 - browser_helper.py - Fetch the page details written in footer
2022-12-11 23:58:20,201 - ui_helper.py - Expected data : {'search_text': '', 'page_data': 'No Data Found', 'drop_down_value': '10', 'page_split': '0–0 of 0'}
2022-12-11 23:58:20,202 - ui_helper.py - Actual data : {'search_text': '', 'page_data': 'No Data Found', 'drop_down_value': '10', 'page_split': '0–0 of 0'}
2022-12-11 23:58:20,202 - browser_helper.py - Closing the Chrome browser
2022-12-11 23:58:20,334 - repo_seach.py - *****************************************************************************
2022-12-11 23:58:20,335 - repo_seach.py - Finished the test case test_initial_launch_page.test
2022-12-11 23:58:20,335 - repo_seach.py - *****************************************************************************
2022-12-11 23:58:20,335 - repo_seach.py - 

2022-12-11 23:58:20,336 - repo_seach.py - 

2022-12-11 23:58:20,336 - repo_seach.py - *****************************************************************************
2022-12-11 23:58:20,336 - repo_seach.py - Starting the test case test_repo_details_data.test
2022-12-11 23:58:20,336 - repo_seach.py - *****************************************************************************
2022-12-11 23:58:20,337 - ui_helper.py - hello checking the logger here 
2022-12-11 23:58:20,337 - browser_helper.py - Launching the Chrome browser
2022-12-11 23:58:22,287 - browser_helper.py - Requesting for url : http://localhost:3000/
2022-12-11 23:58:24,081 - browser_helper.py - Wait for the load to be completed
2022-12-11 23:58:24,143 - browser_helper.py - Wait for page to load 5 second waiting 
2022-12-11 23:58:34,724 - browser_helper.py - Wait for the load to be completed
2022-12-11 23:58:39,750 - api_operation.py - Requested url : https://api.github.com/search/repositories?q=test&per_page=10&page=0&sort=stars&order=desc
2022-12-11 23:58:40,717 - api_operation.py - Requested url : https://api.github.com/repos/storybookjs/storybook/commits?per_page=3&page=0
2022-12-11 23:58:41,223 - api_operation.py - Requested url : https://api.github.com/repos/storybookjs/storybook/forks?per_page=3&page=0
2022-12-11 23:58:42,760 - api_operation.py - https://api.github.com/users/codeisforme
2022-12-11 23:58:43,169 - api_operation.py - {'commit_details': 'web-flow, shilman, shilman', 'fork_details': 'codeisforme', 'fork_bio_details': ''}
2022-12-11 23:58:43,170 - browser_helper.py - Fetch the repo details from the modal window of the row 0
2022-12-11 23:58:43,171 - browser_helper.py - Cliking on the tool tip to get the repo details 
2022-12-11 23:58:43,357 - browser_helper.py - Wait for the load to be completed
2022-12-11 23:58:48,389 - browser_helper.py - Fetch the repo details from the modal window of Last 3 committers: 
2022-12-11 23:58:48,434 - browser_helper.py - Fetch the repo details from the modal window of Recent Forked User: 
2022-12-11 23:58:48,478 - browser_helper.py - Fetch the repo details from the modal window of Recent Forked User Bio: 
2022-12-11 23:58:48,518 - browser_helper.py - Clicking on the OK button in window
2022-12-11 23:58:48,657 - browser_helper.py - Wait for the load to be completed
2022-12-11 23:58:48,677 - browser_helper.py - Wait for page to load 5 second waiting 
2022-12-11 23:58:58,688 - ui_helper.py - Expected data : {'commit_details': 'web-flow, shilman, shilman', 'fork_details': 'codeisforme', 'fork_bio_details': ''}
2022-12-11 23:58:58,688 - ui_helper.py - Actual data : {'commit_details': 'web-flow, shilman, shilman', 'fork_details': 'codeisforme', 'fork_bio_details': ''}
2022-12-11 23:58:58,689 - browser_helper.py - Closing the Chrome browser
2022-12-11 23:58:58,822 - repo_seach.py - *****************************************************************************
2022-12-11 23:58:58,822 - repo_seach.py - Finished the test case test_repo_details_data.test
2022-12-11 23:58:58,823 - repo_seach.py - *****************************************************************************
2022-12-11 23:58:58,823 - repo_seach.py - 

